# JRE version: Java(TM) SE Runtime Environment (8.0_171-b11) (build 1.8.0_171-b11)
# Java VM: Java HotSpot(TM) 64-Bit Server VM (25.171-b11 mixed mode bsd-amd64 compressed oops)
Heap:
 PSYoungGen      total 234496K, used 161613K [0x0000000795580000, 0x00000007a5980000, 0x00000007c0000000)
  eden space 222720K, 67% used [0x0000000795580000,0x000000079e7e9df8,0x00000007a2f00000)
  from space 11776K, 99% used [0x00000007a4e00000,0x00000007a5969930,0x00000007a5980000)
  to   space 16384K, 0% used [0x00000007a3980000,0x00000007a3980000,0x00000007a4980000)
 ParOldGen       total 94208K, used 22614K [0x0000000740000000, 0x0000000745c00000, 0x0000000795580000)
  object space 94208K, 24% used [0x0000000740000000,0x0000000741615838,0x0000000745c00000)
 Metaspace       used 46208K, capacity 48200K, committed 48512K, reserved 1091584K
  class space    used 6303K, capacity 6667K, committed 6784K, reserved 1048576K
GC Heap History (10 events):
Event: 4.373 GC heap before
{Heap before GC invocations=8 (full 1):
 PSYoungGen      total 115712K, used 115384K [0x0000000795580000, 0x000000079e780000, 0x00000007c0000000)
  eden space 108032K, 100% used [0x0000000795580000,0x000000079bf00000,0x000000079bf00000)
  from space 7680K, 95% used [0x000000079e000000,0x000000079e72e1b8,0x000000079e780000)
  to   space 9216K, 0% used [0x000000079d580000,0x000000079d580000,0x000000079de80000)
 ParOldGen       total 55296K, used 7265K [0x0000000740000000, 0x0000000743600000, 0x0000000795580000)
  object space 55296K, 13% used [0x0000000740000000,0x0000000740718598,0x0000000743600000)
 Metaspace       used 26808K, capacity 27860K, committed 28032K, reserved 1073152K
  class space    used 3664K, capacity 3917K, committed 3968K, reserved 1048576K
Event: 4.395 GC heap after
Heap after GC invocations=8 (full 1):
 PSYoungGen      total 140288K, used 9208K [0x0000000795580000, 0x00000007a1700000, 0x00000007c0000000)
  eden space 131072K, 0% used [0x0000000795580000,0x0000000795580000,0x000000079d580000)
  from space 9216K, 99% used [0x000000079d580000,0x000000079de7e0e8,0x000000079de80000)
  to   space 11776K, 0% used [0x00000007a0b80000,0x00000007a0b80000,0x00000007a1700000)
 ParOldGen       total 55296K, used 9835K [0x0000000740000000, 0x0000000743600000, 0x0000000795580000)
  object space 55296K, 17% used [0x0000000740000000,0x000000074099aff8,0x0000000743600000)
 Metaspace       used 26808K, capacity 27860K, committed 28032K, reserved 1073152K
  class space    used 3664K, capacity 3917K, committed 3968K, reserved 1048576K
}
Event: 5.244 GC heap before
{Heap before GC invocations=9 (full 1):
 PSYoungGen      total 140288K, used 140280K [0x0000000795580000, 0x00000007a1700000, 0x00000007c0000000)
  eden space 131072K, 100% used [0x0000000795580000,0x000000079d580000,0x000000079d580000)
  from space 9216K, 99% used [0x000000079d580000,0x000000079de7e0e8,0x000000079de80000)
  to   space 11776K, 0% used [0x00000007a0b80000,0x00000007a0b80000,0x00000007a1700000)
 ParOldGen       total 55296K, used 9835K [0x0000000740000000, 0x0000000743600000, 0x0000000795580000)
  object space 55296K, 17% used [0x0000000740000000,0x000000074099aff8,0x0000000743600000)
 Metaspace       used 30721K, capacity 32084K, committed 32384K, reserved 1077248K
  class space    used 4152K, capacity 4435K, committed 4480K, reserved 1048576K
Event: 5.271 GC heap after
Heap after GC invocations=9 (full 1):
 PSYoungGen      total 183296K, used 11758K [0x0000000795580000, 0x00000007a4280000, 0x00000007c0000000)
  eden space 171520K, 0% used [0x0000000795580000,0x0000000795580000,0x000000079fd00000)
  from space 11776K, 99% used [0x00000007a0b80000,0x00000007a16fbac8,0x00000007a1700000)
  to   space 14848K, 0% used [0x000000079fd00000,0x000000079fd00000,0x00000007a0b80000)
 ParOldGen       total 55296K, used 13522K [0x0000000740000000, 0x0000000743600000, 0x0000000795580000)
  object space 55296K, 24% used [0x0000000740000000,0x0000000740d34a30,0x0000000743600000)
 Metaspace       used 30721K, capacity 32084K, committed 32384K, reserved 1077248K
  class space    used 4152K, capacity 4435K, committed 4480K, reserved 1048576K
}
Event: 6.198 GC heap before
{Heap before GC invocations=10 (full 1):
 PSYoungGen      total 183296K, used 179959K [0x0000000795580000, 0x00000007a4280000, 0x00000007c0000000)
  eden space 171520K, 98% used [0x0000000795580000,0x000000079f9c2528,0x000000079fd00000)
  from space 11776K, 99% used [0x00000007a0b80000,0x00000007a16fbac8,0x00000007a1700000)
  to   space 14848K, 0% used [0x000000079fd00000,0x000000079fd00000,0x00000007a0b80000)
 ParOldGen       total 55296K, used 13522K [0x0000000740000000, 0x0000000743600000, 0x0000000795580000)
  object space 55296K, 24% used [0x0000000740000000,0x0000000740d34a30,0x0000000743600000)
 Metaspace       used 33712K, capacity 35318K, committed 35456K, reserved 1079296K
  class space    used 4570K, capacity 4895K, committed 4992K, reserved 1048576K
Event: 6.233 GC heap after
Heap after GC invocations=10 (full 1):
 PSYoungGen      total 186368K, used 13009K [0x0000000795580000, 0x00000007a5e00000, 0x00000007c0000000)
  eden space 171520K, 0% used [0x0000000795580000,0x0000000795580000,0x000000079fd00000)
  from space 14848K, 87% used [0x000000079fd00000,0x00000007a09b45a8,0x00000007a0b80000)
  to   space 16384K, 0% used [0x00000007a4e00000,0x00000007a4e00000,0x00000007a5e00000)
 ParOldGen       total 55296K, used 17878K [0x0000000740000000, 0x0000000743600000, 0x0000000795580000)
  object space 55296K, 32% used [0x0000000740000000,0x0000000741175a78,0x0000000743600000)
 Metaspace       used 33712K, capacity 35318K, committed 35456K, reserved 1079296K
  class space    used 4570K, capacity 4895K, committed 4992K, reserved 1048576K
}
Event: 6.233 GC heap before
{Heap before GC invocations=11 (full 2):
 PSYoungGen      total 186368K, used 13009K [0x0000000795580000, 0x00000007a5e00000, 0x00000007c0000000)
  eden space 171520K, 0% used [0x0000000795580000,0x0000000795580000,0x000000079fd00000)
  from space 14848K, 87% used [0x000000079fd00000,0x00000007a09b45a8,0x00000007a0b80000)
  to   space 16384K, 0% used [0x00000007a4e00000,0x00000007a4e00000,0x00000007a5e00000)
 ParOldGen       total 55296K, used 17878K [0x0000000740000000, 0x0000000743600000, 0x0000000795580000)
  object space 55296K, 32% used [0x0000000740000000,0x0000000741175a78,0x0000000743600000)
 Metaspace       used 33712K, capacity 35318K, committed 35456K, reserved 1079296K
  class space    used 4570K, capacity 4895K, committed 4992K, reserved 1048576K
Event: 6.363 GC heap after
Heap after GC invocations=11 (full 2):
 PSYoungGen      total 186368K, used 0K [0x0000000795580000, 0x00000007a5e00000, 0x00000007c0000000)
  eden space 171520K, 0% used [0x0000000795580000,0x0000000795580000,0x000000079fd00000)
  from space 14848K, 0% used [0x000000079fd00000,0x000000079fd00000,0x00000007a0b80000)
  to   space 16384K, 0% used [0x00000007a4e00000,0x00000007a4e00000,0x00000007a5e00000)
 ParOldGen       total 94208K, used 22606K [0x0000000740000000, 0x0000000745c00000, 0x0000000795580000)
  object space 94208K, 23% used [0x0000000740000000,0x0000000741613838,0x0000000745c00000)
 Metaspace       used 33712K, capacity 35318K, committed 35456K, reserved 1079296K
  class space    used 4570K, capacity 4895K, committed 4992K, reserved 1048576K
}
Event: 8.025 GC heap before
{Heap before GC invocations=12 (full 2):
 PSYoungGen      total 186368K, used 171520K [0x0000000795580000, 0x00000007a5e00000, 0x00000007c0000000)
  eden space 171520K, 100% used [0x0000000795580000,0x000000079fd00000,0x000000079fd00000)
  from space 14848K, 0% used [0x000000079fd00000,0x000000079fd00000,0x00000007a0b80000)
  to   space 16384K, 0% used [0x00000007a4e00000,0x00000007a4e00000,0x00000007a5e00000)
 ParOldGen       total 94208K, used 22606K [0x0000000740000000, 0x0000000745c00000, 0x0000000795580000)
  object space 94208K, 23% used [0x0000000740000000,0x0000000741613838,0x0000000745c00000)
 Metaspace       used 42248K, capacity 44068K, committed 44288K, reserved 1087488K
  class space    used 5766K, capacity 6102K, committed 6144K, reserved 1048576K
Event: 8.052 GC heap after
Heap after GC invocations=12 (full 2):
 PSYoungGen      total 234496K, used 11686K [0x0000000795580000, 0x00000007a5980000, 0x00000007c0000000)
  eden space 222720K, 0% used [0x0000000795580000,0x0000000795580000,0x00000007a2f00000)
  from space 11776K, 99% used [0x00000007a4e00000,0x00000007a5969930,0x00000007a5980000)
  to   space 16384K, 0% used [0x00000007a3980000,0x00000007a3980000,0x00000007a4980000)
 ParOldGen       total 94208K, used 22614K [0x0000000740000000, 0x0000000745c00000, 0x0000000795580000)
  object space 94208K, 24% used [0x0000000740000000,0x0000000741615838,0x0000000745c00000)
 Metaspace       used 42248K, capacity 44068K, committed 44288K, reserved 1087488K
  class space    used 5766K, capacity 6102K, committed 6144K, reserved 1048576K
}

